Eat   :1 min : 2 
Eat   :2 min : 1 
Eat   :3 min : 0 
Case #1: 3
Eat   :1 min : 0 1 0 1 
Eat   :2 min : 0 0 0 0 
Case #2: 2
Serve :1 min : 2 2 
Eat   :2 min : 1 1 
Eat   :3 min : 0 0 
Case #3: 3
Eat   :1 min : 6 2 7 3 
Eat   :2 min : 5 1 6 2 
Eat   :3 min : 4 0 5 1 
Eat   :4 min : 3 0 4 0 
Eat   :5 min : 2 0 3 0 
Eat   :6 min : 1 0 2 0 
Eat   :7 min : 0 0 1 0 
Eat   :8 min : 0 0 0 0 
Case #4: 8
Eat   :1 min : 8 7 
Eat   :2 min : 7 6 
Eat   :3 min : 6 5 
Eat   :4 min : 5 4 
Eat   :5 min : 4 3 
Eat   :6 min : 3 2 
Eat   :7 min : 2 1 
Eat   :8 min : 1 0 
Eat   :9 min : 0 0 
Case #5: 9
Eat   :1 min : 7 7 5 7 
Eat   :2 min : 6 6 4 6 
Eat   :3 min : 5 5 3 5 
Eat   :4 min : 4 4 2 4 
Eat   :5 min : 3 3 1 3 
Eat   :6 min : 2 2 0 2 
Eat   :7 min : 1 1 0 1 
Eat   :8 min : 0 0 0 0 
Case #6: 8
Eat   :1 min : 6 5 7 5 1 
Eat   :2 min : 5 4 6 4 0 
Eat   :3 min : 4 3 5 3 0 
Eat   :4 min : 3 2 4 2 0 
Eat   :5 min : 2 1 3 1 0 
Eat   :6 min : 1 0 2 0 0 
Eat   :7 min : 0 0 1 0 0 
Eat   :8 min : 0 0 0 0 0 
Case #7: 8
Serve :1 min : 7 7 7 7 7 5 4 
Eat   :2 min : 6 6 6 6 6 4 3 
Eat   :3 min : 5 5 5 5 5 3 2 
Eat   :4 min : 4 4 4 4 4 2 1 
Eat   :5 min : 3 3 3 3 3 1 0 
Eat   :6 min : 2 2 2 2 2 0 0 
Eat   :7 min : 1 1 1 1 1 0 0 
Eat   :8 min : 0 0 0 0 0 0 0 
Case #8: 8
Eat   :1 min : 6 6 
Eat   :2 min : 5 5 
Eat   :3 min : 4 4 
Eat   :4 min : 3 3 
Eat   :5 min : 2 2 
Eat   :6 min : 1 1 
Eat   :7 min : 0 0 
Case #9: 7
Eat   :1 min : 4 4 
Eat   :2 min : 3 3 
Eat   :3 min : 2 2 
Eat   :4 min : 1 1 
Eat   :5 min : 0 0 
Case #10: 5
Eat   :1 min : 8 8 8 8 8 
Eat   :2 min : 7 7 7 7 7 
Eat   :3 min : 6 6 6 6 6 
Eat   :4 min : 5 5 5 5 5 
Eat   :5 min : 4 4 4 4 4 
Eat   :6 min : 3 3 3 3 3 
Eat   :7 min : 2 2 2 2 2 
Eat   :8 min : 1 1 1 1 1 
Eat   :9 min : 0 0 0 0 0 
Case #11: 9
Eat   :1 min : 7 7 
Eat   :2 min : 6 6 
Eat   :3 min : 5 5 
Eat   :4 min : 4 4 
Eat   :5 min : 3 3 
Eat   :6 min : 2 2 
Eat   :7 min : 1 1 
Eat   :8 min : 0 0 
Case #12: 8
Eat   :1 min : 1 0 
Eat   :2 min : 0 0 
Case #13: 2
Serve :1 min : 2 2 5 4 
Eat   :2 min : 1 1 4 3 
Eat   :3 min : 0 0 3 2 
Eat   :4 min : 0 0 2 1 
Eat   :5 min : 0 0 1 0 
Eat   :6 min : 0 0 0 0 
Case #14: 6
Eat   :1 min : 0 0 4 4 8 8 
Eat   :2 min : 0 0 3 3 7 7 
Eat   :3 min : 0 0 2 2 6 6 
Eat   :4 min : 0 0 1 1 5 5 
Eat   :5 min : 0 0 0 0 4 4 
Eat   :6 min : 0 0 0 0 3 3 
Eat   :7 min : 0 0 0 0 2 2 
Eat   :8 min : 0 0 0 0 1 1 
Eat   :9 min : 0 0 0 0 0 0 
Case #15: 9
Eat   :1 min : 3 2 1 0 
Eat   :2 min : 2 1 0 0 
Eat   :3 min : 1 0 0 0 
Eat   :4 min : 0 0 0 0 
Case #16: 4
Serve :1 min : 4 4 5 3 
Eat   :2 min : 3 3 4 2 
Eat   :3 min : 2 2 3 1 
Eat   :4 min : 1 1 2 0 
Eat   :5 min : 0 0 1 0 
Eat   :6 min : 0 0 0 0 
Case #17: 6
Eat   :1 min : 3 8 8 5 
Eat   :2 min : 2 7 7 4 
Eat   :3 min : 1 6 6 3 
Eat   :4 min : 0 5 5 2 
Eat   :5 min : 0 4 4 1 
Eat   :6 min : 0 3 3 0 
Eat   :7 min : 0 2 2 0 
Eat   :8 min : 0 1 1 0 
Eat   :9 min : 0 0 0 0 
Case #18: 9
Serve :1 min : 3 3 
Eat   :2 min : 2 2 
Eat   :3 min : 1 1 
Eat   :4 min : 0 0 
Case #19: 4
Serve :1 min : 3 6 4 2 4 
Serve :2 min : 3 3 4 2 4 3 
Eat   :3 min : 2 2 3 1 3 2 
Eat   :4 min : 1 1 2 0 2 1 
Eat   :5 min : 0 0 1 0 1 0 
Eat   :6 min : 0 0 0 0 0 0 
Case #20: 6
Serve :1 min : 4 6 1 4 
Serve :2 min : 4 3 1 4 3 
Eat   :3 min : 3 2 0 3 2 
Eat   :4 min : 2 1 0 2 1 
Eat   :5 min : 1 0 0 1 0 
Eat   :6 min : 0 0 0 0 0 
Case #21: 6
Eat   :1 min : 8 8 
Eat   :2 min : 7 7 
Eat   :3 min : 6 6 
Eat   :4 min : 5 5 
Eat   :5 min : 4 4 
Eat   :6 min : 3 3 
Eat   :7 min : 2 2 
Eat   :8 min : 1 1 
Eat   :9 min : 0 0 
Case #22: 9
Eat   :1 min : 5 2 8 8 
Eat   :2 min : 4 1 7 7 
Eat   :3 min : 3 0 6 6 
Eat   :4 min : 2 0 5 5 
Eat   :5 min : 1 0 4 4 
Eat   :6 min : 0 0 3 3 
Eat   :7 min : 0 0 2 2 
Eat   :8 min : 0 0 1 1 
Eat   :9 min : 0 0 0 0 
Case #23: 9
Eat   :1 min : 4 7 8 3 
Eat   :2 min : 3 6 7 2 
Eat   :3 min : 2 5 6 1 
Eat   :4 min : 1 4 5 0 
Eat   :5 min : 0 3 4 0 
Eat   :6 min : 0 2 3 0 
Eat   :7 min : 0 1 2 0 
Eat   :8 min : 0 0 1 0 
Eat   :9 min : 0 0 0 0 
Case #24: 9
Eat   :1 min : 4 5 8 5 8 5 
Eat   :2 min : 3 4 7 4 7 4 
Eat   :3 min : 2 3 6 3 6 3 
Eat   :4 min : 1 2 5 2 5 2 
Eat   :5 min : 0 1 4 1 4 1 
Eat   :6 min : 0 0 3 0 3 0 
Eat   :7 min : 0 0 2 0 2 0 
Eat   :8 min : 0 0 1 0 1 0 
Eat   :9 min : 0 0 0 0 0 0 
Case #25: 9
Serve :1 min : 3 3 2 2 3 
Eat   :2 min : 2 2 1 1 2 
Eat   :3 min : 1 1 0 0 1 
Eat   :4 min : 0 0 0 0 0 
Case #26: 4
Serve :1 min : 2 2 
Eat   :2 min : 1 1 
Eat   :3 min : 0 0 
Case #27: 3
Eat   :1 min : 1 1 1 
Eat   :2 min : 0 0 0 
Case #28: 2
Serve :1 min : 4 5 2 4 
Eat   :2 min : 3 4 1 3 
Eat   :3 min : 2 3 0 2 
Eat   :4 min : 1 2 0 1 
Eat   :5 min : 0 1 0 0 
Eat   :6 min : 0 0 0 0 
Case #29: 6
Eat   :1 min : 5 5 
Eat   :2 min : 4 4 
Eat   :3 min : 3 3 
Eat   :4 min : 2 2 
Eat   :5 min : 1 1 
Eat   :6 min : 0 0 
Case #30: 6
Eat   :1 min : 8 8 
Eat   :2 min : 7 7 
Eat   :3 min : 6 6 
Eat   :4 min : 5 5 
Eat   :5 min : 4 4 
Eat   :6 min : 3 3 
Eat   :7 min : 2 2 
Eat   :8 min : 1 1 
Eat   :9 min : 0 0 
Case #31: 9
Serve :1 min : 2 1 2 2 2 2 
Eat   :2 min : 1 0 1 1 1 1 
Eat   :3 min : 0 0 0 0 0 0 
Case #32: 3
Eat   :1 min : 6 2 4 6 
Eat   :2 min : 5 1 3 5 
Eat   :3 min : 4 0 2 4 
Eat   :4 min : 3 0 1 3 
Eat   :5 min : 2 0 0 2 
Eat   :6 min : 1 0 0 1 
Eat   :7 min : 0 0 0 0 
Case #33: 7
Serve :1 min : 2 1 4 4 
Eat   :2 min : 1 0 3 3 
Eat   :3 min : 0 0 2 2 
Eat   :4 min : 0 0 1 1 
Eat   :5 min : 0 0 0 0 
Case #34: 5
Eat   :1 min : 8 8 8 8 8 8 
Eat   :2 min : 7 7 7 7 7 7 
Eat   :3 min : 6 6 6 6 6 6 
Eat   :4 min : 5 5 5 5 5 5 
Eat   :5 min : 4 4 4 4 4 4 
Eat   :6 min : 3 3 3 3 3 3 
Eat   :7 min : 2 2 2 2 2 2 
Eat   :8 min : 1 1 1 1 1 1 
Eat   :9 min : 0 0 0 0 0 0 
Case #35: 9
Eat   :1 min : 0 0 2 
Eat   :2 min : 0 0 1 
Eat   :3 min : 0 0 0 
Case #36: 3
Eat   :1 min : 5 4 3 2 1 0 
Eat   :2 min : 4 3 2 1 0 0 
Eat   :3 min : 3 2 1 0 0 0 
Eat   :4 min : 2 1 0 0 0 0 
Eat   :5 min : 1 0 0 0 0 0 
Eat   :6 min : 0 0 0 0 0 0 
Case #37: 6
Eat   :1 min : 7 7 7 
Eat   :2 min : 6 6 6 
Eat   :3 min : 5 5 5 
Eat   :4 min : 4 4 4 
Eat   :5 min : 3 3 3 
Eat   :6 min : 2 2 2 
Eat   :7 min : 1 1 1 
Eat   :8 min : 0 0 0 
Case #38: 8
Serve :1 min : 4 5 3 3 
Eat   :2 min : 3 4 2 2 
Eat   :3 min : 2 3 1 1 
Eat   :4 min : 1 2 0 0 
Eat   :5 min : 0 1 0 0 
Eat   :6 min : 0 0 0 0 
Case #39: 6
Eat   :1 min : 6 6 7 
Eat   :2 min : 5 5 6 
Eat   :3 min : 4 4 5 
Eat   :4 min : 3 3 4 
Eat   :5 min : 2 2 3 
Eat   :6 min : 1 1 2 
Eat   :7 min : 0 0 1 
Eat   :8 min : 0 0 0 
Case #40: 8
Eat   :1 min : 5 4 0 
Eat   :2 min : 4 3 0 
Eat   :3 min : 3 2 0 
Eat   :4 min : 2 1 0 
Eat   :5 min : 1 0 0 
Eat   :6 min : 0 0 0 
Case #41: 6
Serve :1 min : 2 4 1 5 3 3 
Eat   :2 min : 1 3 0 4 2 2 
Eat   :3 min : 0 2 0 3 1 1 
Eat   :4 min : 0 1 0 2 0 0 
Eat   :5 min : 0 0 0 1 0 0 
Eat   :6 min : 0 0 0 0 0 0 
Case #42: 6
Serve :1 min : 3 2 
Eat   :2 min : 2 1 
Eat   :3 min : 1 0 
Eat   :4 min : 0 0 
Case #43: 4
Serve :1 min : 4 4 3 2 3 
Eat   :2 min : 3 3 2 1 2 
Eat   :3 min : 2 2 1 0 1 
Eat   :4 min : 1 1 0 0 0 
Eat   :5 min : 0 0 0 0 0 
Case #44: 5
Serve :1 min : 1 2 2 2 3 2 
Eat   :2 min : 0 1 1 1 2 1 
Eat   :3 min : 0 0 0 0 1 0 
Eat   :4 min : 0 0 0 0 0 0 
Case #45: 4
Serve :1 min : 5 6 4 
Eat   :2 min : 4 5 3 
Eat   :3 min : 3 4 2 
Eat   :4 min : 2 3 1 
Eat   :5 min : 1 2 0 
Eat   :6 min : 0 1 0 
Eat   :7 min : 0 0 0 
Case #46: 7
Eat   :1 min : 3 1 4 3 4 
Eat   :2 min : 2 0 3 2 3 
Eat   :3 min : 1 0 2 1 2 
Eat   :4 min : 0 0 1 0 1 
Eat   :5 min : 0 0 0 0 0 
Case #47: 5
Eat   :1 min : 2 4 4 
Eat   :2 min : 1 3 3 
Eat   :3 min : 0 2 2 
Eat   :4 min : 0 1 1 
Eat   :5 min : 0 0 0 
Case #48: 5
Serve :1 min : 4 4 
Eat   :2 min : 3 3 
Eat   :3 min : 2 2 
Eat   :4 min : 1 1 
Eat   :5 min : 0 0 
Case #49: 5
Eat   :1 min : 1 4 1 0 4 
Eat   :2 min : 0 3 0 0 3 
Eat   :3 min : 0 2 0 0 2 
Eat   :4 min : 0 1 0 0 1 
Eat   :5 min : 0 0 0 0 0 
Case #50: 5
Eat   :1 min : 0 0 4 0 3 
Eat   :2 min : 0 0 3 0 2 
Eat   :3 min : 0 0 2 0 1 
Eat   :4 min : 0 0 1 0 0 
Eat   :5 min : 0 0 0 0 0 
Case #51: 5
Eat   :1 min : 8 8 8 
Eat   :2 min : 7 7 7 
Eat   :3 min : 6 6 6 
Eat   :4 min : 5 5 5 
Eat   :5 min : 4 4 4 
Eat   :6 min : 3 3 3 
Eat   :7 min : 2 2 2 
Eat   :8 min : 1 1 1 
Eat   :9 min : 0 0 0 
Case #52: 9
Eat   :1 min : 2 4 4 1 4 
Eat   :2 min : 1 3 3 0 3 
Eat   :3 min : 0 2 2 0 2 
Eat   :4 min : 0 1 1 0 1 
Eat   :5 min : 0 0 0 0 0 
Case #53: 5
Serve :1 min : 7 2 5 4 
Serve :2 min : 4 2 5 4 3 
Eat   :3 min : 3 1 4 3 2 
Eat   :4 min : 2 0 3 2 1 
Eat   :5 min : 1 0 2 1 0 
Eat   :6 min : 0 0 1 0 0 
Eat   :7 min : 0 0 0 0 0 
Case #54: 7
Eat   :1 min : 7 2 2 8 
Eat   :2 min : 6 1 1 7 
Eat   :3 min : 5 0 0 6 
Eat   :4 min : 4 0 0 5 
Eat   :5 min : 3 0 0 4 
Eat   :6 min : 2 0 0 3 
Eat   :7 min : 1 0 0 2 
Eat   :8 min : 0 0 0 1 
Eat   :9 min : 0 0 0 0 
Case #55: 9
Eat   :1 min : 1 2 3 1 0 
Eat   :2 min : 0 1 2 0 0 
Eat   :3 min : 0 0 1 0 0 
Eat   :4 min : 0 0 0 0 0 
Case #56: 4
Serve :1 min : 4 5 4 
Eat   :2 min : 3 4 3 
Eat   :3 min : 2 3 2 
Eat   :4 min : 1 2 1 
Eat   :5 min : 0 1 0 
Eat   :6 min : 0 0 0 
Case #57: 6
Serve :1 min : 4 3 4 5 4 
Eat   :2 min : 3 2 3 4 3 
Eat   :3 min : 2 1 2 3 2 
Eat   :4 min : 1 0 1 2 1 
Eat   :5 min : 0 0 0 1 0 
Eat   :6 min : 0 0 0 0 0 
Case #58: 6
Serve :1 min : 5 2 4 2 3 
Eat   :2 min : 4 1 3 1 2 
Eat   :3 min : 3 0 2 0 1 
Eat   :4 min : 2 0 1 0 0 
Eat   :5 min : 1 0 0 0 0 
Eat   :6 min : 0 0 0 0 0 
Case #59: 6
Eat   :1 min : 0 5 5 
Eat   :2 min : 0 4 4 
Eat   :3 min : 0 3 3 
Eat   :4 min : 0 2 2 
Eat   :5 min : 0 1 1 
Eat   :6 min : 0 0 0 
Case #60: 6
Serve :1 min : 5 7 4 
Serve :2 min : 5 4 4 3 
Eat   :3 min : 4 3 3 2 
Eat   :4 min : 3 2 2 1 
Eat   :5 min : 2 1 1 0 
Eat   :6 min : 1 0 0 0 
Eat   :7 min : 0 0 0 0 
Case #61: 7
Eat   :1 min : 5 4 3 
Eat   :2 min : 4 3 2 
Eat   :3 min : 3 2 1 
Eat   :4 min : 2 1 0 
Eat   :5 min : 1 0 0 
Eat   :6 min : 0 0 0 
Case #62: 6
Eat   :1 min : 7 7 7 7 
Eat   :2 min : 6 6 6 6 
Eat   :3 min : 5 5 5 5 
Eat   :4 min : 4 4 4 4 
Eat   :5 min : 3 3 3 3 
Eat   :6 min : 2 2 2 2 
Eat   :7 min : 1 1 1 1 
Eat   :8 min : 0 0 0 0 
Case #63: 8
Eat   :1 min : 8 7 3 
Eat   :2 min : 7 6 2 
Eat   :3 min : 6 5 1 
Eat   :4 min : 5 4 0 
Eat   :5 min : 4 3 0 
Eat   :6 min : 3 2 0 
Eat   :7 min : 2 1 0 
Eat   :8 min : 1 0 0 
Eat   :9 min : 0 0 0 
Case #64: 9
Eat   :1 min : 2 2 4 4 8 8 
Eat   :2 min : 1 1 3 3 7 7 
Eat   :3 min : 0 0 2 2 6 6 
Eat   :4 min : 0 0 1 1 5 5 
Eat   :5 min : 0 0 0 0 4 4 
Eat   :6 min : 0 0 0 0 3 3 
Eat   :7 min : 0 0 0 0 2 2 
Eat   :8 min : 0 0 0 0 1 1 
Eat   :9 min : 0 0 0 0 0 0 
Case #65: 9
Eat   :1 min : 0 5 5 2 
Eat   :2 min : 0 4 4 1 
Eat   :3 min : 0 3 3 0 
Eat   :4 min : 0 2 2 0 
Eat   :5 min : 0 1 1 0 
Eat   :6 min : 0 0 0 0 
Case #66: 6
Serve :1 min : 4 4 4 
Eat   :2 min : 3 3 3 
Eat   :3 min : 2 2 2 
Eat   :4 min : 1 1 1 
Eat   :5 min : 0 0 0 
Case #67: 5
Serve :1 min : 5 5 1 4 
Eat   :2 min : 4 4 0 3 
Eat   :3 min : 3 3 0 2 
Eat   :4 min : 2 2 0 1 
Eat   :5 min : 1 1 0 0 
Eat   :6 min : 0 0 0 0 
Case #68: 6
Serve :1 min : 4 3 
Eat   :2 min : 3 2 
Eat   :3 min : 2 1 
Eat   :4 min : 1 0 
Eat   :5 min : 0 0 
Case #69: 5
Serve :1 min : 4 4 4 
Eat   :2 min : 3 3 3 
Eat   :3 min : 2 2 2 
Eat   :4 min : 1 1 1 
Eat   :5 min : 0 0 0 
Case #70: 5
Eat   :1 min : 4 4 0 2 
Eat   :2 min : 3 3 0 1 
Eat   :3 min : 2 2 0 0 
Eat   :4 min : 1 1 0 0 
Eat   :5 min : 0 0 0 0 
Case #71: 5
Serve :1 min : 5 4 
Eat   :2 min : 4 3 
Eat   :3 min : 3 2 
Eat   :4 min : 2 1 
Eat   :5 min : 1 0 
Eat   :6 min : 0 0 
Case #72: 6
Eat   :1 min : 6 6 3 
Eat   :2 min : 5 5 2 
Eat   :3 min : 4 4 1 
Eat   :4 min : 3 3 0 
Eat   :5 min : 2 2 0 
Eat   :6 min : 1 1 0 
Eat   :7 min : 0 0 0 
Case #73: 7
Eat   :1 min : 2 5 5 5 8 8 
Eat   :2 min : 1 4 4 4 7 7 
Eat   :3 min : 0 3 3 3 6 6 
Eat   :4 min : 0 2 2 2 5 5 
Eat   :5 min : 0 1 1 1 4 4 
Eat   :6 min : 0 0 0 0 3 3 
Eat   :7 min : 0 0 0 0 2 2 
Eat   :8 min : 0 0 0 0 1 1 
Eat   :9 min : 0 0 0 0 0 0 
Case #74: 9
Eat   :1 min : 0 0 2 0 
Eat   :2 min : 0 0 1 0 
Eat   :3 min : 0 0 0 0 
Case #75: 3
Eat   :1 min : 6 6 6 
Eat   :2 min : 5 5 5 
Eat   :3 min : 4 4 4 
Eat   :4 min : 3 3 3 
Eat   :5 min : 2 2 2 
Eat   :6 min : 1 1 1 
Eat   :7 min : 0 0 0 
Case #76: 7
Eat   :1 min : 1 1 0 4 3 
Eat   :2 min : 0 0 0 3 2 
Eat   :3 min : 0 0 0 2 1 
Eat   :4 min : 0 0 0 1 0 
Eat   :5 min : 0 0 0 0 0 
Case #77: 5
Eat   :1 min : 1 8 8 8 2 2 
Eat   :2 min : 0 7 7 7 1 1 
Eat   :3 min : 0 6 6 6 0 0 
Eat   :4 min : 0 5 5 5 0 0 
Eat   :5 min : 0 4 4 4 0 0 
Eat   :6 min : 0 3 3 3 0 0 
Eat   :7 min : 0 2 2 2 0 0 
Eat   :8 min : 0 1 1 1 0 0 
Eat   :9 min : 0 0 0 0 0 0 
Case #78: 9
Serve :1 min : 4 1 2 1 3 
Eat   :2 min : 3 0 1 0 2 
Eat   :3 min : 2 0 0 0 1 
Eat   :4 min : 1 0 0 0 0 
Eat   :5 min : 0 0 0 0 0 
Case #79: 5
Eat   :1 min : 7 7 7 7 7 
Eat   :2 min : 6 6 6 6 6 
Eat   :3 min : 5 5 5 5 5 
Eat   :4 min : 4 4 4 4 4 
Eat   :5 min : 3 3 3 3 3 
Eat   :6 min : 2 2 2 2 2 
Eat   :7 min : 1 1 1 1 1 
Eat   :8 min : 0 0 0 0 0 
Case #80: 8
Eat   :1 min : 2 4 4 
Eat   :2 min : 1 3 3 
Eat   :3 min : 0 2 2 
Eat   :4 min : 0 1 1 
Eat   :5 min : 0 0 0 
Case #81: 5
Eat   :1 min : 5 6 3 7 
Eat   :2 min : 4 5 2 6 
Eat   :3 min : 3 4 1 5 
Eat   :4 min : 2 3 0 4 
Eat   :5 min : 1 2 0 3 
Eat   :6 min : 0 1 0 2 
Eat   :7 min : 0 0 0 1 
Eat   :8 min : 0 0 0 0 
Case #82: 8
Eat   :1 min : 4 4 4 4 8 8 
Eat   :2 min : 3 3 3 3 7 7 
Eat   :3 min : 2 2 2 2 6 6 
Eat   :4 min : 1 1 1 1 5 5 
Eat   :5 min : 0 0 0 0 4 4 
Eat   :6 min : 0 0 0 0 3 3 
Eat   :7 min : 0 0 0 0 2 2 
Eat   :8 min : 0 0 0 0 1 1 
Eat   :9 min : 0 0 0 0 0 0 
Case #83: 9
Eat   :1 min : 4 2 3 2 
Eat   :2 min : 3 1 2 1 
Eat   :3 min : 2 0 1 0 
Eat   :4 min : 1 0 0 0 
Eat   :5 min : 0 0 0 0 
Case #84: 5
Eat   :1 min : 4 3 5 2 3 
Eat   :2 min : 3 2 4 1 2 
Eat   :3 min : 2 1 3 0 1 
Eat   :4 min : 1 0 2 0 0 
Eat   :5 min : 0 0 1 0 0 
Eat   :6 min : 0 0 0 0 0 
Case #85: 6
Serve :1 min : 4 5 5 4 
Eat   :2 min : 3 4 4 3 
Eat   :3 min : 2 3 3 2 
Eat   :4 min : 1 2 2 1 
Eat   :5 min : 0 1 1 0 
Eat   :6 min : 0 0 0 0 
Case #86: 6
Eat   :1 min : 0 
Case #87: 1
Eat   :1 min : 4 4 4 8 8 8 
Eat   :2 min : 3 3 3 7 7 7 
Eat   :3 min : 2 2 2 6 6 6 
Eat   :4 min : 1 1 1 5 5 5 
Eat   :5 min : 0 0 0 4 4 4 
Eat   :6 min : 0 0 0 3 3 3 
Eat   :7 min : 0 0 0 2 2 2 
Eat   :8 min : 0 0 0 1 1 1 
Eat   :9 min : 0 0 0 0 0 0 
Case #88: 9
Eat   :1 min : 8 8 8 8 
Eat   :2 min : 7 7 7 7 
Eat   :3 min : 6 6 6 6 
Eat   :4 min : 5 5 5 5 
Eat   :5 min : 4 4 4 4 
Eat   :6 min : 3 3 3 3 
Eat   :7 min : 2 2 2 2 
Eat   :8 min : 1 1 1 1 
Eat   :9 min : 0 0 0 0 
Case #89: 9
Eat   :1 min : 5 5 5 5 8 8 
Eat   :2 min : 4 4 4 4 7 7 
Eat   :3 min : 3 3 3 3 6 6 
Eat   :4 min : 2 2 2 2 5 5 
Eat   :5 min : 1 1 1 1 4 4 
Eat   :6 min : 0 0 0 0 3 3 
Eat   :7 min : 0 0 0 0 2 2 
Eat   :8 min : 0 0 0 0 1 1 
Eat   :9 min : 0 0 0 0 0 0 
Case #90: 9
Eat   :1 min : 2 1 0 
Eat   :2 min : 1 0 0 
Eat   :3 min : 0 0 0 
Case #91: 3
Eat   :1 min : 4 3 2 1 0 
Eat   :2 min : 3 2 1 0 0 
Eat   :3 min : 2 1 0 0 0 
Eat   :4 min : 1 0 0 0 0 
Eat   :5 min : 0 0 0 0 0 
Case #92: 5
Serve :1 min : 2 3 3 2 
Eat   :2 min : 1 2 2 1 
Eat   :3 min : 0 1 1 0 
Eat   :4 min : 0 0 0 0 
Case #93: 4
Serve :1 min : 4 4 1 4 
Eat   :2 min : 3 3 0 3 
Eat   :3 min : 2 2 0 2 
Eat   :4 min : 1 1 0 1 
Eat   :5 min : 0 0 0 0 
Case #94: 5
Serve :1 min : 7 1 5 4 
Serve :2 min : 4 1 5 4 3 
Eat   :3 min : 3 0 4 3 2 
Eat   :4 min : 2 0 3 2 1 
Eat   :5 min : 1 0 2 1 0 
Eat   :6 min : 0 0 1 0 0 
Eat   :7 min : 0 0 0 0 0 
Case #95: 7
Serve :1 min : 2 3 3 3 3 
Eat   :2 min : 1 2 2 2 2 
Eat   :3 min : 0 1 1 1 1 
Eat   :4 min : 0 0 0 0 0 
Case #96: 4
Eat   :1 min : 2 3 5 4 
Eat   :2 min : 1 2 4 3 
Eat   :3 min : 0 1 3 2 
Eat   :4 min : 0 0 2 1 
Eat   :5 min : 0 0 1 0 
Eat   :6 min : 0 0 0 0 
Case #97: 6
Serve :1 min : 4 4 3 4 
Eat   :2 min : 3 3 2 3 
Eat   :3 min : 2 2 1 2 
Eat   :4 min : 1 1 0 1 
Eat   :5 min : 0 0 0 0 
Case #98: 5
Eat   :1 min : 3 0 1 4 0 
Eat   :2 min : 2 0 0 3 0 
Eat   :3 min : 1 0 0 2 0 
Eat   :4 min : 0 0 0 1 0 
Eat   :5 min : 0 0 0 0 0 
Case #99: 5
Serve :1 min : 1 3 3 1 2 2 
Eat   :2 min : 0 2 2 0 1 1 
Eat   :3 min : 0 1 1 0 0 0 
Eat   :4 min : 0 0 0 0 0 0 
Case #100: 4
