Case #1: 3 4 6 
Case #2: 6 8 11 12 
Case #3: 11 14 16 18 20 23 24 26 29 32 
Case #4: 4 5 7 9 11 12 14 
Case #5: 3 5 7 
Case #6: 2 6 9 
Case #7: 17 20 24 31 35 40 45 
Case #8: 3 5 6 9 
Case #9: 22 222 
Case #10: 44 51 55 74 90 108 120 162 188 193 
Case #11: 2 3 4 
Case #12: 4 6 9 14 
Case #13: 2 4 6 9 12 
Case #14: 3 5 6 11 
Case #15: 5 6 7 8 9 10 11 12 13 14 
Case #16: 2 4 
Case #17: 4 5 6 7 8 9 10 
Case #18: 6 16 26 36 46 56 66 76 86 96 
Case #19: 6 8 9 11 13 14 
Case #20: 3 6 9 11 13 16 
Case #21: 4 9 12 13 17 19 21 
Case #22: 6 14 17 18 24 
Case #23: 4 5 6 8 12 16 19 22 24 
Case #24: 3 7 8 
Case #25: 2 6 9 
Case #26: 3 7 11 15 
Case #27: 4 9 13 16 17 18 29 
Case #28: 2 6 
Case #29: 3 4 5 6 
Case #30: 6 14 21 27 32 36 37 38 39 57 
Case #31: 5 8 
Case #32: 25 26 28 37 43 66 75 
Case #33: 3 9 11 12 16 18 
Case #34: 5 12 19 26 27 28 29 
Case #35: 9 14 15 16 20 25 28 30 33 35 
Case #36: 1 2 3 
Case #37: 9 12 14 16 
Case #38: 12 13 15 16 17 19 21 24 25 28 
Case #39: 9 13 15 18 24 26 28 30 31 32 
Case #40: 5 8 
Case #41: 34 37 59 83 
Case #42: 2 6 
Case #43: 1 2 6 8 11 14 15 
Case #44: 3 4 7 8 10 13 14 
Case #45: 2 22 
Case #46: 2 4 6 7 
Case #47: 2 3 4 
Case #48: 2 3 5 7 8 9 10 
Case #49: 10 11 14 16 17 21 22 23 24 
Case #50: 1 4 
